app/build/intermediates/manifest_merge_blame_file/release/manifest-merger-blame-release-report.txt
1<?xml version="1.0" encoding="utf-8"?>
2<manifest xmlns:android="http://schemas.android.com/apk/res/android"
3    package="com.minimalos.launcher"
4    android:versionCode="1"
5    android:versionName="1.0" >
6
7    <uses-sdk
8        android:minSdkVersion="26"
8-->src/main/AndroidManifest.xml
9        android:targetSdkVersion="34" />
9-->src/main/AndroidManifest.xml
10
11    <!-- Permissions yang dibutuhkan -->
12    <uses-permission android:name="android.permission.CALL_PHONE" />
12-->src/main/AndroidManifest.xml:5:5-69
12-->src/main/AndroidManifest.xml:5:22-66
13    <uses-permission android:name="android.permission.INTERNET" />
13-->src/main/AndroidManifest.xml:6:5-67
13-->src/main/AndroidManifest.xml:6:22-64
14    <uses-permission android:name="android.permission.SYSTEM_ALERT_WINDOW" />
14-->src/main/AndroidManifest.xml:7:5-78
14-->src/main/AndroidManifest.xml:7:22-75
15
16    <uses-feature
16-->src/main/AndroidManifest.xml:9:5-88
17        android:name="android.hardware.telephony"
17-->src/main/AndroidManifest.xml:9:19-60
18        android:required="false" />
18-->src/main/AndroidManifest.xml:9:61-85
19
20    <permission
20-->[androidx.core:core:1.9.0] AndroidManifest.xml:22:5-24:47
21        android:name="com.minimalos.launcher.DYNAMIC_RECEIVER_NOT_EXPORTED_PERMISSION"
21-->[androidx.core:core:1.9.0] AndroidManifest.xml:23:9-81
22        android:protectionLevel="signature" />
22-->[androidx.core:core:1.9.0] AndroidManifest.xml:24:9-44
23
24    <uses-permission android:name="com.minimalos.launcher.DYNAMIC_RECEIVER_NOT_EXPORTED_PERMISSION" />
24-->[androidx.core:core:1.9.0] AndroidManifest.xml:26:5-97
24-->[androidx.core:core:1.9.0] AndroidManifest.xml:26:22-94
25
26    <application
26-->src/main/AndroidManifest.xml:11:5-39:19
27        android:allowBackup="true"
27-->src/main/AndroidManifest.xml:12:9-35
28        android:appComponentFactory="androidx.core.app.CoreComponentFactory"
28-->[androidx.core:core:1.9.0] AndroidManifest.xml:28:18-86
29        android:extractNativeLibs="false"
30        android:icon="@mipmap/ic_launcher"
30-->src/main/AndroidManifest.xml:13:9-43
31        android:label="@string/app_name"
31-->src/main/AndroidManifest.xml:14:9-41
32        android:theme="@android:style/Theme.DeviceDefault.NoActionBar" >
32-->src/main/AndroidManifest.xml:15:9-71
33
34        <!-- Main Activity -->
35        <activity
35-->src/main/AndroidManifest.xml:18:9-30:20
36            android:name="com.minimalos.launcher.MainActivity"
36-->src/main/AndroidManifest.xml:19:13-41
37            android:exported="true"
37-->src/main/AndroidManifest.xml:20:13-36
38            android:launchMode="singleTask" >
38-->src/main/AndroidManifest.xml:21:13-44
39
40            <!-- Intent filters: Make this app a launcher -->
41            <intent-filter>
41-->src/main/AndroidManifest.xml:24:13-29:29
42                <action android:name="android.intent.action.MAIN" />
42-->src/main/AndroidManifest.xml:25:17-69
42-->src/main/AndroidManifest.xml:25:25-66
43
44                <category android:name="android.intent.category.LAUNCHER" />
44-->src/main/AndroidManifest.xml:26:17-77
44-->src/main/AndroidManifest.xml:26:27-74
45                <category android:name="android.intent.category.HOME" />
45-->src/main/AndroidManifest.xml:27:17-73
45-->src/main/AndroidManifest.xml:27:27-70
46                <category android:name="android.intent.category.DEFAULT" />
46-->src/main/AndroidManifest.xml:28:17-76
46-->src/main/AndroidManifest.xml:28:27-73
47            </intent-filter>
48        </activity>
49
50        <receiver
50-->src/main/AndroidManifest.xml:32:9-38:20
51            android:name="com.minimalos.launcher.LauncherReceiver"
51-->src/main/AndroidManifest.xml:33:13-45
52            android:exported="true" >
52-->src/main/AndroidManifest.xml:34:13-36
53            <intent-filter>
53-->src/main/AndroidManifest.xml:35:13-37:29
54                <action android:name="android.intent.action.BOOT_COMPLETED" />
54-->src/main/AndroidManifest.xml:36:17-79
54-->src/main/AndroidManifest.xml:36:25-76
55            </intent-filter>
56        </receiver>
57
58        <provider
58-->[androidx.emoji2:emoji2:1.2.0] AndroidManifest.xml:24:9-32:20
59            android:name="androidx.startup.InitializationProvider"
59-->[androidx.emoji2:emoji2:1.2.0] AndroidManifest.xml:25:13-67
60            android:authorities="com.minimalos.launcher.androidx-startup"
60-->[androidx.emoji2:emoji2:1.2.0] AndroidManifest.xml:26:13-68
61            android:exported="false" >
61-->[androidx.emoji2:emoji2:1.2.0] AndroidManifest.xml:27:13-37
62            <meta-data
62-->[androidx.emoji2:emoji2:1.2.0] AndroidManifest.xml:29:13-31:52
63                android:name="androidx.emoji2.text.EmojiCompatInitializer"
63-->[androidx.emoji2:emoji2:1.2.0] AndroidManifest.xml:30:17-75
64                android:value="androidx.startup" />
64-->[androidx.emoji2:emoji2:1.2.0] AndroidManifest.xml:31:17-49
65            <meta-data
65-->[androidx.lifecycle:lifecycle-process:2.4.1] AndroidManifest.xml:31:13-33:52
66                android:name="androidx.lifecycle.ProcessLifecycleInitializer"
66-->[androidx.lifecycle:lifecycle-process:2.4.1] AndroidManifest.xml:32:17-78
67                android:value="androidx.startup" />
67-->[androidx.lifecycle:lifecycle-process:2.4.1] AndroidManifest.xml:33:17-49
68        </provider>
69    </application>
70
71</manifest>